<?xml version="1.0" encoding="UTF-8"?>
<testsuite xmlns:xsi="http://www.w3.org/2001/XMLSchema-instance" xsi:noNamespaceSchemaLocation="https://maven.apache.org/surefire/maven-surefire-plugin/xsd/surefire-test-report-3.0.xsd" version="3.0" name="microservice65.Microservice65ApplicationTests" time="2.089" tests="1" errors="0" skipped="0" failures="0">
  <properties>
[...]
</properties>
  <testcase name="contextLoads" classname="microservice65.Microservice65ApplicationTests" time="1.237">
    <system-out><![CDATA[11:15:33.224 [main] INFO org.springframework.test.context.support.AnnotationConfigContextLoaderUtils -- Could not detect default configuration classes for test class [microservice65.Microservice65ApplicationTests]: Microservice65ApplicationTests does not declare any static, non-private, non-final, nested classes annotated with @Configuration.
11:15:33.276 [main] INFO org.springframework.boot.test.context.SpringBootTestContextBootstrapper -- Found @SpringBootConfiguration microservice65.Microservice65Application for test class microservice65.Microservice65ApplicationTests

  .   ____          _            __ _ _
 /\\ / ___'_ __ _ _(_)_ __  __ _ \ \ \ \
( ( )\___ | '_ | '_| | '_ \/ _` | \ \ \ \
 \\/  ___)| |_)| | | | | || (_| |  ) ) ) )
  '  |____| .__|_| |_|_| |_\__, | / / / /
 =========|_|==============|___/=/_/_/_/
 :: Spring Boot ::                (v3.2.3)

2024-03-21T11:15:33.457Z  INFO 3228 --- [microservice65] [           main] m.Microservice65ApplicationTests         : Starting Microservice65ApplicationTests using Java 17.0.10 with PID 3228 (started by nyanlinaung in /Users/nyanlinaung/Desktop/microservice65)
2024-03-21T11:15:33.458Z  INFO 3228 --- [microservice65] [           main] m.Microservice65ApplicationTests         : No active profile set, falling back to 1 default profile: "default"
2024-03-21T11:15:33.981Z  INFO 3228 --- [microservice65] [           main] m.Microservice65ApplicationTests         : Started Microservice65ApplicationTests in 0.642 seconds (process running for 1.125)

  .   ____          _            __ _ _
 /\\ / ___'_ __ _ _(_)_ __  __ _ \ \ \ \
( ( )\___ | '_ | '_| | '_ \/ _` | \ \ \ \
 \\/  ___)| |_)| | | | | || (_| |  ) ) ) )
  '  |____| .__|_| |_|_| |_\__, | / / / /
 =========|_|==============|___/=/_/_/_/
 :: Spring Boot ::                (v3.2.3)

2024-03-21T11:15:34.600Z  INFO 3228 --- [microservice65] [           main] o.a.maven.surefire.booter.ForkedBooter   : Starting ForkedBooter v3.1.2 using Java 17.0.10 with PID 3228 (started by nyanlinaung in /Users/nyanlinaung/Desktop/microservice65)
2024-03-21T11:15:34.600Z  INFO 3228 --- [microservice65] [           main] o.a.maven.surefire.booter.ForkedBooter   : No active profile set, falling back to 1 default profile: "default"
2024-03-21T11:15:34.706Z  INFO 3228 --- [microservice65] [           main] o.s.b.w.embedded.tomcat.TomcatWebServer  : Tomcat initialized with port 8081 (http)
2024-03-21T11:15:34.712Z  INFO 3228 --- [microservice65] [           main] o.apache.catalina.core.StandardService   : Starting service [Tomcat]
2024-03-21T11:15:34.712Z  INFO 3228 --- [microservice65] [           main] o.apache.catalina.core.StandardEngine    : Starting Servlet engine: [Apache Tomcat/10.1.19]
2024-03-21T11:15:34.740Z  INFO 3228 --- [microservice65] [           main] o.a.c.c.C.[Tomcat].[localhost].[/]       : Initializing Spring embedded WebApplicationContext
2024-03-21T11:15:34.740Z  INFO 3228 --- [microservice65] [           main] w.s.c.ServletWebServerApplicationContext : Root WebApplicationContext: initialization completed in 139 ms
2024-03-21T11:15:34.801Z  INFO 3228 --- [microservice65] [           main] o.s.b.w.embedded.tomcat.TomcatWebServer  : Tomcat started on port 8081 (http) with context path ''
2024-03-21T11:15:34.803Z  INFO 3228 --- [microservice65] [           main] o.a.maven.surefire.booter.ForkedBooter   : Started ForkedBooter in 0.213 seconds (process running for 1.947)
Response = microservice65.Response@65259c53
2024-03-21T11:15:35.079Z  WARN 3228 --- [microservice65] [nio-8081-exec-1] o.g.jersey.server.wadl.WadlFeature       : JAXBContext implementation could not be found. WADL feature is disabled.
Status code of POST request = 404
Response = microservice65.Response@651cedfb
-1
Status code of POST request = 404
Response = microservice65.Response@4f6ff62
Response = microservice65.Response@433ae0b0
Status code of POST request = 404
Response = microservice65.Response@6f6f65a4
]]></system-out>
  </testcase>
</testsuite>